<?xml version="1.0" encoding="UTF-8"?>
<!-- Generated by org.testng.reporters.JUnitReportReporter -->
<testsuite skipped="0" hostname="GIRISH" name="com.testng.SampleTestCase" tests="3" failures="0" timestamp="2020-09-15T11:10:50 IST" time="0.029" errors="0">
  <testcase name="testCase2" time="0.014" classname="com.testng.SampleTestCase"/>
  <system-out/>
  <testcase name="testCase1" time="0.010" classname="com.testng.SampleTestCase"/>
  <system-out/>
  <testcase name="testCase3" time="0.005" classname="com.testng.SampleTestCase"/>
  <system-out/>
</testsuite> <!-- com.testng.SampleTestCase -->
