<?xml version="1.0" encoding="UTF-8"?>
<!-- Generated by org.testng.reporters.JUnitReportReporter -->
<testsuite skipped="0" hostname="GIRISH" name="com.testng.ParallelExection1" tests="3" failures="0" timestamp="2020-09-15T11:10:50 IST" time="0.034" errors="0">
  <testcase name="testCase4" time="0.019" classname="com.testng.ParallelExection1"/>
  <system-out/>
  <testcase name="testCase6" time="0.007" classname="com.testng.ParallelExection1"/>
  <system-out/>
  <testcase name="testCase5" time="0.008" classname="com.testng.ParallelExection1"/>
  <system-out/>
</testsuite> <!-- com.testng.ParallelExection1 -->
