<?xml version="1.0" encoding="UTF-8"?>
<!-- Generated by org.testng.reporters.JUnitReportReporter -->
<testsuite skipped="0" hostname="GIRISH" name="com.testng.DependsOnGroup" tests="2" failures="0" timestamp="2020-09-15T11:54:25 IST" time="0.025" errors="0">
  <testcase name="logout" time="0.004" classname="com.testng.DependsOnGroup"/>
  <system-out/>
  <testcase name="login" time="0.021" classname="com.testng.DependsOnGroup"/>
  <system-out/>
</testsuite> <!-- com.testng.DependsOnGroup -->
