<?xml version="1.0" encoding="UTF-8"?>
<!-- Generated by org.testng.reporters.JUnitReportReporter -->
<testsuite skipped="0" hostname="GIRISH" name="com.testcases.OrangeHrmLoginTestCase" tests="1" failures="0" timestamp="16 Sep 2020 08:12:34 GMT" time="5.915" errors="0">
  <testcase name="login" time="5.915" classname="com.testcases.OrangeHrmLoginTestCase"/>
</testsuite> <!-- com.testcases.OrangeHrmLoginTestCase -->
